<?xml version="1.0" encoding="UTF-8"?>
<testsuite name="ru.netology.OrderTest" tests="1" skipped="0" failures="0" errors="0" timestamp="2024-12-01T18:11:58" hostname="LAPTOP-VE65FJI9" time="4.507">
  <properties/>
  <testcase name="testValid1()" classname="ru.netology.OrderTest" time="4.507"/>
  <system-out><![CDATA[]]></system-out>
  <system-err><![CDATA[дек. 01, 2024 9:12:01 PM org.openqa.selenium.devtools.CdpVersionFinder findNearestMatch
WARNING: Unable to find CDP implementation matching 131
дек. 01, 2024 9:12:01 PM org.openqa.selenium.chromium.ChromiumDriver lambda$new$5
WARNING: Unable to find version of CDP to use for 131.0.6778.86. You may need to include a dependency on a specific version of the CDP using something similar to `org.seleniumhq.selenium:selenium-devtools-v86:4.18.1` where the version ("v86") matches the version of the chromium-based browser you're using and the version number of the artifact is the same as Selenium's.
]]></system-err>
</testsuite>
